[1m[36m=================================================[0m
[1m[36m  DDoS-Protected K8s App - Deployment Script     [0m
[1m[36m=================================================[0m

[1m[1/5] Checking prerequisites...[0m
[32m  docker, minikube, kubectl are available.[0m
[32m  Minikube is running.[0m

[1m[2/5] Configuring Docker to use Minikube's daemon...[0m
[32m  Docker is now using Minikube's daemon.[0m

[1m[3/5] Building Docker images...[0m
  Building gateway image (DDoS-hardened Nginx)...
#0 building with "default" instance using docker driver

#1 [internal] load build definition from Dockerfile
#1 transferring dockerfile: 209B done
#1 DONE 0.1s

#2 [internal] load metadata for docker.io/library/nginx:1.25-alpine
#2 ...

#3 [auth] library/nginx:pull token for registry-1.docker.io
#3 DONE 0.0s

#2 [internal] load metadata for docker.io/library/nginx:1.25-alpine
#2 DONE 3.9s

#4 [internal] load .dockerignore
#4 transferring context: 2B done
#4 DONE 0.0s

#5 [internal] load build context
#5 transferring context: 7.25kB done
#5 DONE 0.0s

#6 [1/3] FROM docker.io/library/nginx:1.25-alpine@sha256:516475cc129da42866742567714ddc681e5eed7b9ee0b9e9c015e464b4221a00
#6 resolve docker.io/library/nginx:1.25-alpine@sha256:516475cc129da42866742567714ddc681e5eed7b9ee0b9e9c015e464b4221a00 0.0s done
#6 sha256:516475cc129da42866742567714ddc681e5eed7b9ee0b9e9c015e464b4221a00 9.07kB / 9.07kB done
#6 sha256:721fa00bc549df26b3e67cc558ff176112d4ba69847537766f3c28e171d180e7 2.50kB / 2.50kB done
#6 sha256:4abcf20661432fb2d719aaf90656f55c287f8ca915dc1c92ec14ff61e67fbaf8 0B / 3.41MB 0.1s
#6 sha256:fc21a1d387f514f53589abea6d67cd6b329dfd3c9059bc96a552af3b3c97b413 0B / 3.99MB 0.1s
#6 sha256:501d84f5d06487ff81e506134dc922ed4fd2080d5521eb5b6ee4054fa17d15c4 10.80kB / 10.80kB done
#6 sha256:e6ef242c157026935bf8a69e6cf19f8f6635e44507c813daf0cc644f2e22396b 0B / 629B 0.1s
#6 sha256:4abcf20661432fb2d719aaf90656f55c287f8ca915dc1c92ec14ff61e67fbaf8 2.10MB / 3.41MB 1.1s
#6 sha256:e6ef242c157026935bf8a69e6cf19f8f6635e44507c813daf0cc644f2e22396b 629B / 629B 1.0s done
#6 sha256:13fcfbc94648785b918ecc1af675ac5187cdfc30f4fdaf9afa8bd2e9dedf548b 0B / 954B 1.1s
#6 sha256:4abcf20661432fb2d719aaf90656f55c287f8ca915dc1c92ec14ff61e67fbaf8 3.41MB / 3.41MB 1.2s done
#6 sha256:d4bca490e609acaaf54ca73363442d31a31fd136a47a20a12370cf2025f0a10b 0B / 393B 1.2s
#6 extracting sha256:4abcf20661432fb2d719aaf90656f55c287f8ca915dc1c92ec14ff61e67fbaf8 0.1s
#6 sha256:fc21a1d387f514f53589abea6d67cd6b329dfd3c9059bc96a552af3b3c97b413 2.10MB / 3.99MB 1.5s
#6 sha256:13fcfbc94648785b918ecc1af675ac5187cdfc30f4fdaf9afa8bd2e9dedf548b 954B / 954B 1.4s done
#6 extracting sha256:4abcf20661432fb2d719aaf90656f55c287f8ca915dc1c92ec14ff61e67fbaf8 0.2s done
#6 sha256:5406ed7b06d9a94b5bd15843d2a1c7e38796a3ec5dc7f40f16f70cc1d045f453 0B / 1.21kB 1.5s
#6 sha256:d4bca490e609acaaf54ca73363442d31a31fd136a47a20a12370cf2025f0a10b 393B / 393B 1.7s done
#6 sha256:8a3742a9529dc5c00974dfcf5e465be9f1606ff8a1911527b3928cf86ad57465 0B / 1.40kB 1.7s
#6 sha256:fc21a1d387f514f53589abea6d67cd6b329dfd3c9059bc96a552af3b3c97b413 3.99MB / 3.99MB 1.8s done
#6 extracting sha256:fc21a1d387f514f53589abea6d67cd6b329dfd3c9059bc96a552af3b3c97b413
#6 sha256:5406ed7b06d9a94b5bd15843d2a1c7e38796a3ec5dc7f40f16f70cc1d045f453 1.21kB / 1.21kB 2.0s done
#6 sha256:0d0c16747d2c6b6c26c064652afcb964c15f1b1e596ec052b2aa19b83948ae27 0B / 13.04MB 2.0s
#6 sha256:8a3742a9529dc5c00974dfcf5e465be9f1606ff8a1911527b3928cf86ad57465 1.40kB / 1.40kB 2.1s done
#6 extracting sha256:fc21a1d387f514f53589abea6d67cd6b329dfd3c9059bc96a552af3b3c97b413 0.4s done
#6 extracting sha256:e6ef242c157026935bf8a69e6cf19f8f6635e44507c813daf0cc644f2e22396b done
#6 extracting sha256:13fcfbc94648785b918ecc1af675ac5187cdfc30f4fdaf9afa8bd2e9dedf548b done
#6 extracting sha256:d4bca490e609acaaf54ca73363442d31a31fd136a47a20a12370cf2025f0a10b done
#6 extracting sha256:5406ed7b06d9a94b5bd15843d2a1c7e38796a3ec5dc7f40f16f70cc1d045f453 done
#6 extracting sha256:8a3742a9529dc5c00974dfcf5e465be9f1606ff8a1911527b3928cf86ad57465 done
#6 sha256:0d0c16747d2c6b6c26c064652afcb964c15f1b1e596ec052b2aa19b83948ae27 1.05MB / 13.04MB 5.2s
#6 sha256:0d0c16747d2c6b6c26c064652afcb964c15f1b1e596ec052b2aa19b83948ae27 3.15MB / 13.04MB 5.4s
#6 sha256:0d0c16747d2c6b6c26c064652afcb964c15f1b1e596ec052b2aa19b83948ae27 4.19MB / 13.04MB 5.5s
#6 sha256:0d0c16747d2c6b6c26c064652afcb964c15f1b1e596ec052b2aa19b83948ae27 6.29MB / 13.04MB 5.7s
#6 sha256:0d0c16747d2c6b6c26c064652afcb964c15f1b1e596ec052b2aa19b83948ae27 9.44MB / 13.04MB 6.0s
#6 sha256:0d0c16747d2c6b6c26c064652afcb964c15f1b1e596ec052b2aa19b83948ae27 10.49MB / 13.04MB 6.1s
#6 sha256:0d0c16747d2c6b6c26c064652afcb964c15f1b1e596ec052b2aa19b83948ae27 11.53MB / 13.04MB 6.3s
#6 sha256:0d0c16747d2c6b6c26c064652afcb964c15f1b1e596ec052b2aa19b83948ae27 13.04MB / 13.04MB 6.4s
#6 sha256:0d0c16747d2c6b6c26c064652afcb964c15f1b1e596ec052b2aa19b83948ae27 13.04MB / 13.04MB 6.5s done
#6 extracting sha256:0d0c16747d2c6b6c26c064652afcb964c15f1b1e596ec052b2aa19b83948ae27
#6 extracting sha256:0d0c16747d2c6b6c26c064652afcb964c15f1b1e596ec052b2aa19b83948ae27 0.6s done
#6 DONE 7.4s

#7 [2/3] RUN rm /etc/nginx/conf.d/default.conf /etc/nginx/nginx.conf
#7 DONE 0.5s

#8 [3/3] COPY nginx.conf /etc/nginx/nginx.conf
#8 DONE 0.0s

#9 exporting to image
#9 exporting layers 0.0s done
#9 writing image sha256:6eee4327c1ad66e0cc269ec27a76c44a3d9b05674b53bd03fe4f6e5f4f5ec6a5 done
#9 naming to docker.io/library/multi-pod-gateway:latest done
#9 DONE 0.1s
[32m  Gateway image built.[0m
  Building backend image (Flask API)...
#0 building with "default" instance using docker driver

#1 [internal] load build definition from Dockerfile
#1 transferring dockerfile: 205B done
#1 DONE 0.0s

#2 [internal] load metadata for docker.io/library/python:3.12-slim
#2 ...

#3 [auth] library/python:pull token for registry-1.docker.io
#3 DONE 0.0s

#2 [internal] load metadata for docker.io/library/python:3.12-slim
#2 DONE 2.9s

#4 [internal] load .dockerignore
#4 transferring context: 2B done
#4 DONE 0.0s

#5 [internal] load build context
#5 transferring context: 1.61kB done
#5 DONE 0.0s

#6 [1/5] FROM docker.io/library/python:3.12-slim@sha256:ec948fa5f90f4f8907e89f4800cfd2d2e91e391a4bce4a6afa77ba265bc3a2fe
#6 resolve docker.io/library/python:3.12-slim@sha256:ec948fa5f90f4f8907e89f4800cfd2d2e91e391a4bce4a6afa77ba265bc3a2fe 0.0s done
#6 sha256:ec948fa5f90f4f8907e89f4800cfd2d2e91e391a4bce4a6afa77ba265bc3a2fe 10.37kB / 10.37kB done
#6 sha256:bf73779de6dbd030f3d189eeeb246286965832761ace318c1518300f76c0840d 1.75kB / 1.75kB done
#6 sha256:c8e887bbf3b6fec95a5ff97435d611119ac6e55491cd077db9fdc6b7637bdd47 5.66kB / 5.66kB done
#6 sha256:57fb71246055257a374deb7564ceca10f43c2352572b501efc08add5d24ebb61 0B / 29.78MB 0.1s
#6 sha256:797809503061a7d1332e7b5c3df030896846f0a6a179f90060e85564dca1cf65 0B / 1.29MB 0.1s
#6 sha256:759e0c85a86e6d82ceccf351143d3f4a17e4ba196c9684240898abe3b8ec13a9 0B / 12.11MB 0.1s
#6 sha256:57fb71246055257a374deb7564ceca10f43c2352572b501efc08add5d24ebb61 2.10MB / 29.78MB 1.1s
#6 sha256:57fb71246055257a374deb7564ceca10f43c2352572b501efc08add5d24ebb61 4.19MB / 29.78MB 1.4s
#6 sha256:797809503061a7d1332e7b5c3df030896846f0a6a179f90060e85564dca1cf65 1.05MB / 1.29MB 1.6s
#6 sha256:797809503061a7d1332e7b5c3df030896846f0a6a179f90060e85564dca1cf65 1.29MB / 1.29MB 1.7s done
#6 sha256:b33ff618953dcb6177e78bc33883a49817e571a1d9f0a3aa039e3228e0f21684 0B / 250B 1.7s
#6 sha256:57fb71246055257a374deb7564ceca10f43c2352572b501efc08add5d24ebb61 7.34MB / 29.78MB 1.9s
#6 sha256:759e0c85a86e6d82ceccf351143d3f4a17e4ba196c9684240898abe3b8ec13a9 1.05MB / 12.11MB 1.9s
#6 sha256:759e0c85a86e6d82ceccf351143d3f4a17e4ba196c9684240898abe3b8ec13a9 2.10MB / 12.11MB 2.3s
#6 sha256:b33ff618953dcb6177e78bc33883a49817e571a1d9f0a3aa039e3228e0f21684 250B / 250B 2.2s done
#6 sha256:57fb71246055257a374deb7564ceca10f43c2352572b501efc08add5d24ebb61 9.44MB / 29.78MB 2.4s
#6 sha256:759e0c85a86e6d82ceccf351143d3f4a17e4ba196c9684240898abe3b8ec13a9 3.15MB / 12.11MB 2.4s
#6 sha256:57fb71246055257a374deb7564ceca10f43c2352572b501efc08add5d24ebb61 11.53MB / 29.78MB 2.8s
#6 sha256:759e0c85a86e6d82ceccf351143d3f4a17e4ba196c9684240898abe3b8ec13a9 5.24MB / 12.11MB 2.8s
#6 sha256:759e0c85a86e6d82ceccf351143d3f4a17e4ba196c9684240898abe3b8ec13a9 6.29MB / 12.11MB 3.1s
#6 sha256:57fb71246055257a374deb7564ceca10f43c2352572b501efc08add5d24ebb61 13.63MB / 29.78MB 3.3s
#6 sha256:759e0c85a86e6d82ceccf351143d3f4a17e4ba196c9684240898abe3b8ec13a9 7.34MB / 12.11MB 3.3s
#6 sha256:759e0c85a86e6d82ceccf351143d3f4a17e4ba196c9684240898abe3b8ec13a9 8.39MB / 12.11MB 3.6s
#6 sha256:57fb71246055257a374deb7564ceca10f43c2352572b501efc08add5d24ebb61 15.73MB / 29.78MB 3.8s
#6 sha256:759e0c85a86e6d82ceccf351143d3f4a17e4ba196c9684240898abe3b8ec13a9 9.44MB / 12.11MB 3.8s
#6 sha256:759e0c85a86e6d82ceccf351143d3f4a17e4ba196c9684240898abe3b8ec13a9 10.49MB / 12.11MB 3.9s
#6 sha256:57fb71246055257a374deb7564ceca10f43c2352572b501efc08add5d24ebb61 17.83MB / 29.78MB 4.1s
#6 sha256:759e0c85a86e6d82ceccf351143d3f4a17e4ba196c9684240898abe3b8ec13a9 11.53MB / 12.11MB 4.2s
#6 sha256:57fb71246055257a374deb7564ceca10f43c2352572b501efc08add5d24ebb61 19.92MB / 29.78MB 4.5s
#6 sha256:759e0c85a86e6d82ceccf351143d3f4a17e4ba196c9684240898abe3b8ec13a9 12.11MB / 12.11MB 4.4s done
#6 sha256:57fb71246055257a374deb7564ceca10f43c2352572b501efc08add5d24ebb61 22.02MB / 29.78MB 4.9s
#6 sha256:57fb71246055257a374deb7564ceca10f43c2352572b501efc08add5d24ebb61 24.12MB / 29.78MB 5.4s
#6 sha256:57fb71246055257a374deb7564ceca10f43c2352572b501efc08add5d24ebb61 26.21MB / 29.78MB 5.7s
#6 sha256:57fb71246055257a374deb7564ceca10f43c2352572b501efc08add5d24ebb61 28.31MB / 29.78MB 6.0s
#6 sha256:57fb71246055257a374deb7564ceca10f43c2352572b501efc08add5d24ebb61 29.78MB / 29.78MB 6.5s done
#6 extracting sha256:57fb71246055257a374deb7564ceca10f43c2352572b501efc08add5d24ebb61
#6 extracting sha256:57fb71246055257a374deb7564ceca10f43c2352572b501efc08add5d24ebb61 1.8s done
#6 extracting sha256:797809503061a7d1332e7b5c3df030896846f0a6a179f90060e85564dca1cf65 0.1s
#6 extracting sha256:797809503061a7d1332e7b5c3df030896846f0a6a179f90060e85564dca1cf65 0.2s done
#6 extracting sha256:759e0c85a86e6d82ceccf351143d3f4a17e4ba196c9684240898abe3b8ec13a9
#6 extracting sha256:759e0c85a86e6d82ceccf351143d3f4a17e4ba196c9684240898abe3b8ec13a9 1.0s done
#6 extracting sha256:b33ff618953dcb6177e78bc33883a49817e571a1d9f0a3aa039e3228e0f21684 done
#6 DONE 9.9s

#7 [2/5] WORKDIR /app
#7 DONE 1.3s

#8 [3/5] COPY requirements.txt .
#8 DONE 0.0s

#9 [4/5] RUN pip install --no-cache-dir -r requirements.txt
#9 2.390 Collecting flask==3.1.0 (from -r requirements.txt (line 1))
#9 2.790   Downloading flask-3.1.0-py3-none-any.whl.metadata (2.7 kB)
#9 2.932 Collecting flask-cors==5.0.1 (from -r requirements.txt (line 2))
#9 3.044   Downloading flask_cors-5.0.1-py3-none-any.whl.metadata (961 bytes)
#9 3.202 Collecting Werkzeug>=3.1 (from flask==3.1.0->-r requirements.txt (line 1))
#9 3.312   Downloading werkzeug-3.1.8-py3-none-any.whl.metadata (4.0 kB)
#9 3.447 Collecting Jinja2>=3.1.2 (from flask==3.1.0->-r requirements.txt (line 1))
#9 3.565   Downloading jinja2-3.1.6-py3-none-any.whl.metadata (2.9 kB)
#9 3.693 Collecting itsdangerous>=2.2 (from flask==3.1.0->-r requirements.txt (line 1))
#9 3.804   Downloading itsdangerous-2.2.0-py3-none-any.whl.metadata (1.9 kB)
#9 3.936 Collecting click>=8.1.3 (from flask==3.1.0->-r requirements.txt (line 1))
#9 4.066   Downloading click-8.3.3-py3-none-any.whl.metadata (2.6 kB)
#9 4.186 Collecting blinker>=1.9 (from flask==3.1.0->-r requirements.txt (line 1))
#9 4.299   Downloading blinker-1.9.0-py3-none-any.whl.metadata (1.6 kB)
#9 4.588 Collecting MarkupSafe>=2.0 (from Jinja2>=3.1.2->flask==3.1.0->-r requirements.txt (line 1))
#9 4.707   Downloading markupsafe-3.0.3-cp312-cp312-manylinux2014_x86_64.manylinux_2_17_x86_64.manylinux_2_28_x86_64.whl.metadata (2.7 kB)
#9 4.823 Downloading flask-3.1.0-py3-none-any.whl (102 kB)
#9 5.088 Downloading flask_cors-5.0.1-py3-none-any.whl (11 kB)
#9 5.193 Downloading blinker-1.9.0-py3-none-any.whl (8.5 kB)
#9 5.309 Downloading click-8.3.3-py3-none-any.whl (110 kB)
#9 5.468 Downloading itsdangerous-2.2.0-py3-none-any.whl (16 kB)
#9 5.588 Downloading jinja2-3.1.6-py3-none-any.whl (134 kB)
#9 5.850 Downloading werkzeug-3.1.8-py3-none-any.whl (226 kB)
#9 6.077 Downloading markupsafe-3.0.3-cp312-cp312-manylinux2014_x86_64.manylinux_2_17_x86_64.manylinux_2_28_x86_64.whl (22 kB)
#9 6.101 Installing collected packages: MarkupSafe, itsdangerous, click, blinker, Werkzeug, Jinja2, flask, flask-cors
#9 6.592 Successfully installed Jinja2-3.1.6 MarkupSafe-3.0.3 Werkzeug-3.1.8 blinker-1.9.0 click-8.3.3 flask-3.1.0 flask-cors-5.0.1 itsdangerous-2.2.0
#9 6.592 WARNING: Running pip as the 'root' user can result in broken permissions and conflicting behaviour with the system package manager, possibly rendering your system unusable. It is recommended to use a virtual environment instead: https://pip.pypa.io/warnings/venv. Use the --root-user-action option if you know what you are doing and want to suppress this warning.
#9 7.096 
#9 7.096 [notice] A new release of pip is available: 25.0.1 -> 26.1.1
#9 7.096 [notice] To update, run: pip install --upgrade pip
#9 DONE 7.2s

#10 [5/5] COPY app.py .
#10 DONE 0.0s

#11 exporting to image
#11 exporting layers
#11 exporting layers 0.2s done
#11 writing image sha256:74199ada78b128c7e4336abfed7d74a439470b3351fe2f8a302b4a78300d5a01 done
#11 naming to docker.io/library/multi-pod-backend:latest done
#11 DONE 0.2s
[32m  Backend image built.[0m
  Building frontend image (React)...
#0 building with "default" instance using docker driver

#1 [internal] load build definition from Dockerfile
#1 transferring dockerfile: 352B done
#1 DONE 0.0s

#2 [internal] load metadata for docker.io/library/nginx:1.25-alpine
#2 DONE 0.6s

#3 [internal] load .dockerignore
#3 transferring context: 2B done
#3 DONE 0.0s

#4 [1/4] FROM docker.io/library/nginx:1.25-alpine@sha256:516475cc129da42866742567714ddc681e5eed7b9ee0b9e9c015e464b4221a00
#4 CACHED

#5 [internal] load build context
#5 transferring context: 6.58kB done
#5 DONE 0.0s

#6 [2/4] RUN rm /etc/nginx/conf.d/default.conf
#6 DONE 0.3s

#7 [3/4] COPY nginx.conf /etc/nginx/conf.d/default.conf
#7 DONE 0.0s

#8 [4/4] COPY index.html /usr/share/nginx/html/index.html
#8 DONE 0.0s

#9 exporting to image
#9 exporting layers 0.0s done
#9 writing image sha256:11283d27335689c528e1297310f47627f02ea3c0b4782b827b61835dc938fbe2 done
#9 naming to docker.io/library/multi-pod-frontend:latest done
#9 DONE 0.1s
[32m  Frontend image built.[0m

[1m[4/5] Applying Kubernetes manifests...[0m
namespace/multi-pod-app created
deployment.apps/backend created
service/backend-service created
deployment.apps/frontend created
service/frontend-service created
deployment.apps/gateway created
service/gateway-service created
[32m  All manifests applied.[0m

[1m[5/5] Waiting for pods to be ready...[0m
Waiting for deployment "backend" rollout to finish: 0 of 2 updated replicas are available...
Waiting for deployment "backend" rollout to finish: 1 of 2 updated replicas are available...
deployment "backend" successfully rolled out
Waiting for deployment "frontend" rollout to finish: 0 of 2 updated replicas are available...
Waiting for deployment "frontend" rollout to finish: 1 of 2 updated replicas are available...
deployment "frontend" successfully rolled out
deployment "gateway" successfully rolled out

[1m[36m=================================================[0m
[1m[36m  Deployment Complete!                            [0m
[1m[36m=================================================[0m

[1mPod Status:[0m
NAME                        READY   STATUS    RESTARTS   AGE   IP           NODE       NOMINATED NODE   READINESS GATES
backend-6b766f4979-86fpj    1/1     Running   0          17s   10.244.0.3   minikube   <none>           <none>
backend-6b766f4979-c9bsc    1/1     Running   0          17s   10.244.0.4   minikube   <none>           <none>
frontend-868688997d-2sswn   1/1     Running   0          17s   10.244.0.6   minikube   <none>           <none>
frontend-868688997d-9wn5d   1/1     Running   0          17s   10.244.0.5   minikube   <none>           <none>
gateway-744d77d874-5j4sw    1/1     Running   0          16s   10.244.0.7   minikube   <none>           <none>
gateway-744d77d874-rdljz    1/1     Running   0          16s   10.244.0.8   minikube   <none>           <none>

[1mServices:[0m
NAME               TYPE        CLUSTER-IP       EXTERNAL-IP   PORT(S)        AGE
backend-service    ClusterIP   10.109.163.152   <none>        5000/TCP       17s
frontend-service   ClusterIP   10.98.102.97     <none>        80/TCP         16s
gateway-service    NodePort    10.103.234.82    <none>        80:30080/TCP   16s

