Script started on 2026-05-09 16:28:44+05:00 
[1m[36m=================================================[0m
[1m[36m  DDoS-Protected K8s App - Deployment Script     [0m
[1m[36m=================================================[0m

[1m[1/5] Checking prerequisites...[0m
[32m  docker, minikube, kubectl are available.[0m
[32m  Minikube is running.[0m

[1m[2/5] Configuring Docker to use Minikube's daemon...[0m
[32m  Docker is now using Minikube's daemon.[0m

[1m[3/5] Building Docker images...[0m
  Building gateway image (DDoS-hardened Nginx)...
failed to fetch metadata: fork/exec /usr/local/lib/docker/cli-plugins/docker-buildx: no such file or directory

DEPRECATED: The legacy builder is deprecated and will be removed in a future release.
            Install the buildx component to build images with BuildKit:
            https://docs.docker.com/go/buildx/

Sending build context to Docker daemon  10.24kB


Step 1/5 : FROM nginx:1.25-alpine
1.25-alpine: Pulling from library/nginx
4abcf2066143: Already exists
fc21a1d387f5: Already exists
e6ef242c1570: Already exists
13fcfbc94648: Already exists
d4bca490e609: Already exists
5406ed7b06d9: Already exists
8a3742a9529d: Already exists
0d0c16747d2c: Already exists
Digest: sha256:516475cc129da42866742567714ddc681e5eed7b9ee0b9e9c015e464b4221a00
Status: Downloaded newer image for nginx:1.25-alpine
 ---> 501d84f5d064
Step 2/5 : RUN rm /etc/nginx/conf.d/default.conf /etc/nginx/nginx.conf
 ---> Running in dc7f23ffdbc9
 ---> Removed intermediate container dc7f23ffdbc9
 ---> 1209e27cf86b
Step 3/5 : COPY nginx.conf /etc/nginx/nginx.conf
 ---> 58047b098c5f
Step 4/5 : EXPOSE 80
 ---> Running in 981f30e95078
 ---> Removed intermediate container 981f30e95078
 ---> 916cae76bdd5
Step 5/5 : CMD ["nginx", "-g", "daemon off;"]
 ---> Running in 2cc7e98cb0ca
 ---> Removed intermediate container 2cc7e98cb0ca
 ---> a02f19b55169
Successfully built a02f19b55169
Successfully tagged multi-pod-gateway:latest
[32m  Gateway image built.[0m
  Building backend image (Flask API)...
failed to fetch metadata: fork/exec /usr/local/lib/docker/cli-plugins/docker-buildx: no such file or directory

DEPRECATED: The legacy builder is deprecated and will be removed in a future release.
            Install the buildx component to build images with BuildKit:
            https://docs.docker.com/go/buildx/

Sending build context to Docker daemon   5.12kB


Step 1/7 : FROM python:3.12-slim
3.12-slim: Pulling from library/python
57fb71246055: Already exists
797809503061: Already exists
759e0c85a86e: Already exists
b33ff618953d: Already exists
Digest: sha256:ec948fa5f90f4f8907e89f4800cfd2d2e91e391a4bce4a6afa77ba265bc3a2fe
Status: Downloaded newer image for python:3.12-slim
 ---> c8e887bbf3b6
Step 2/7 : WORKDIR /app
 ---> Running in 237e646b954b
 ---> Removed intermediate container 237e646b954b
 ---> f1b7bc493da0
Step 3/7 : COPY requirements.txt .
 ---> 9edb3b392a49
Step 4/7 : RUN pip install --no-cache-dir -r requirements.txt
 ---> Running in 30433312a42f
Collecting flask==3.1.0 (from -r requirements.txt (line 1))
  Downloading flask-3.1.0-py3-none-any.whl.metadata (2.7 kB)
Collecting flask-cors==5.0.1 (from -r requirements.txt (line 2))
  Downloading flask_cors-5.0.1-py3-none-any.whl.metadata (961 bytes)
Collecting Werkzeug>=3.1 (from flask==3.1.0->-r requirements.txt (line 1))
  Downloading werkzeug-3.1.8-py3-none-any.whl.metadata (4.0 kB)
Collecting Jinja2>=3.1.2 (from flask==3.1.0->-r requirements.txt (line 1))
  Downloading jinja2-3.1.6-py3-none-any.whl.metadata (2.9 kB)
Collecting itsdangerous>=2.2 (from flask==3.1.0->-r requirements.txt (line 1))
  Downloading itsdangerous-2.2.0-py3-none-any.whl.metadata (1.9 kB)
Collecting click>=8.1.3 (from flask==3.1.0->-r requirements.txt (line 1))
  Downloading click-8.3.3-py3-none-any.whl.metadata (2.6 kB)
Collecting blinker>=1.9 (from flask==3.1.0->-r requirements.txt (line 1))
  Downloading blinker-1.9.0-py3-none-any.whl.metadata (1.6 kB)
Collecting MarkupSafe>=2.0 (from Jinja2>=3.1.2->flask==3.1.0->-r requirements.txt (line 1))
  Downloading markupsafe-3.0.3-cp312-cp312-manylinux2014_x86_64.manylinux_2_17_x86_64.manylinux_2_28_x86_64.whl.metadata (2.7 kB)
Downloading flask-3.1.0-py3-none-any.whl (102 kB)
Downloading flask_cors-5.0.1-py3-none-any.whl (11 kB)
Downloading blinker-1.9.0-py3-none-any.whl (8.5 kB)
Downloading click-8.3.3-py3-none-any.whl (110 kB)
Downloading itsdangerous-2.2.0-py3-none-any.whl (16 kB)
Downloading jinja2-3.1.6-py3-none-any.whl (134 kB)
Downloading werkzeug-3.1.8-py3-none-any.whl (226 kB)
Downloading markupsafe-3.0.3-cp312-cp312-manylinux2014_x86_64.manylinux_2_17_x86_64.manylinux_2_28_x86_64.whl (22 kB)
Installing collected packages: MarkupSafe, itsdangerous, click, blinker, Werkzeug, Jinja2, flask, flask-cors
Successfully installed Jinja2-3.1.6 MarkupSafe-3.0.3 Werkzeug-3.1.8 blinker-1.9.0 click-8.3.3 flask-3.1.0 flask-cors-5.0.1 itsdangerous-2.2.0
[91mWARNING: Running pip as the 'root' user can result in broken permissions and conflicting behaviour with the system package manager, possibly rendering your system unusable. It is recommended to use a virtual environment instead: https://pip.pypa.io/warnings/venv. Use the --root-user-action option if you know what you are doing and want to suppress this warning.
[0m[91m
[notice] A new release of pip is available: 25.0.1 -> 26.1.1
[notice] To update, run: pip install --upgrade pip
[0m ---> Removed intermediate container 30433312a42f
 ---> d5fc107a1045
Step 5/7 : COPY app.py .
 ---> 16aa4a77d669
Step 6/7 : EXPOSE 5000
 ---> Running in 6a2966d1ea66
 ---> Removed intermediate container 6a2966d1ea66
 ---> f98ff408dfa3
Step 7/7 : CMD ["python", "app.py"]
 ---> Running in 529749cd41dc
 ---> Removed intermediate container 529749cd41dc
 ---> 94e2f548abab
Successfully built 94e2f548abab
Successfully tagged multi-pod-backend:latest
[32m  Backend image built.[0m
  Building frontend image (React)...
failed to fetch metadata: fork/exec /usr/local/lib/docker/cli-plugins/docker-buildx: no such file or directory

DEPRECATED: The legacy builder is deprecated and will be removed in a future release.
            Install the buildx component to build images with BuildKit:
            https://docs.docker.com/go/buildx/

Sending build context to Docker daemon  10.24kB


Step 1/6 : FROM nginx:1.25-alpine
 ---> 501d84f5d064
Step 2/6 : RUN rm /etc/nginx/conf.d/default.conf
 ---> Running in 5064a4779117
 ---> Removed intermediate container 5064a4779117
 ---> 1fc88b15b94b
Step 3/6 : COPY nginx.conf /etc/nginx/conf.d/default.conf
 ---> 0a7500e54514
Step 4/6 : COPY index.html /usr/share/nginx/html/index.html
 ---> affca3cf3b0f
Step 5/6 : EXPOSE 80
 ---> Running in 035744f786c9
 ---> Removed intermediate container 035744f786c9
 ---> 10dcbfc88cd4
Step 6/6 : CMD ["nginx", "-g", "daemon off;"]
 ---> Running in 2dcabbb988eb
 ---> Removed intermediate container 2dcabbb988eb
 ---> ec4f312be1a0
Successfully built ec4f312be1a0
Successfully tagged multi-pod-frontend:latest
[32m  Frontend image built.[0m

[1m[4/5] Applying Kubernetes manifests...[0m
namespace/multi-pod-app unchanged
deployment.apps/backend unchanged
service/backend-service unchanged
deployment.apps/frontend unchanged
service/frontend-service unchanged
deployment.apps/gateway unchanged
service/gateway-service unchanged
[32m  All manifests applied.[0m

[1m[5/5] Waiting for pods to be ready...[0m
deployment "backend" successfully rolled out
deployment "frontend" successfully rolled out
deployment "gateway" successfully rolled out

[1m[36m=================================================[0m
[1m[36m  Deployment Complete!                            [0m
[1m[36m=================================================[0m

[1mPod Status:[0m
NAME                        READY   STATUS    RESTARTS   AGE    IP           NODE       NOMINATED NODE   READINESS GATES
backend-6b766f4979-86fpj    1/1     Running   0          6m1s   10.244.0.3   minikube   <none>           <none>
backend-6b766f4979-c9bsc    1/1     Running   0          6m1s   10.244.0.4   minikube   <none>           <none>
frontend-868688997d-2sswn   1/1     Running   0          6m1s   10.244.0.6   minikube   <none>           <none>
frontend-868688997d-9wn5d   1/1     Running   0          6m1s   10.244.0.5   minikube   <none>           <none>
gateway-744d77d874-5j4sw    1/1     Running   0          6m     10.244.0.7   minikube   <none>           <none>
gateway-744d77d874-rdljz    1/1     Running   0          6m     10.244.0.8   minikube   <none>           <none>

[1mServices:[0m
NAME               TYPE        CLUSTER-IP       EXTERNAL-IP   PORT(S)        AGE
backend-service    ClusterIP   10.109.163.152   <none>        5000/TCP       6m1s
frontend-service   ClusterIP   10.98.102.97     <none>        80/TCP         6m
gateway-service    NodePort    10.103.234.82    <none>        80:30080/TCP   6m

[1m[32mAccess the application at: http://127.0.0.1:37215[0m

Run the DDoS simulation test:
  ./simulate_ddos.sh http://127.0.0.1:37215

Script done on 2026-05-09 16:31:02+05:00 [COMMAND_EXIT_CODE="0"]
