Script started on 2026-05-09 16:31:49+05:00 
[1m[36m=========================================================[0m
[1m[36m  DDoS Protection Test Suite — K8s Gateway               [0m
[1m[36m=========================================================[0m
  Target: [1mhttp://192.168.49.2:30080[0m

[1m[Pre-check] Verifying gateway is reachable...[0m
[32mGateway is up.[0m

[1m[36m--- Test 1: Normal Requests (Frontend + Backend via Gateway) ---[0m
  GET /  (frontend): HTTP 200 [32mOK[0m
  GET /api/info (backend): HTTP 200 [32mOK[0m
  GET /api/items (backend): HTTP 200 [32mOK[0m
  Backend pod serving request: [36mbackend-6b766f4979-86fpj[0m

[1m[36m--- Test 2: Rapid-Fire Requests (Rate Limiting: 10r/s, burst 20) ---[0m
Sending 50 rapid requests to the gateway...

  Request  1: HTTP 200
  Request  2: HTTP 200
  Request  3: HTTP 200
  Request  4: HTTP 200
  Request  5: HTTP 200
  Request  6: HTTP 200
  Request  7: HTTP 200
  Request  8: HTTP 200
  Request  9: HTTP 200
  Request 10: HTTP 200
  Request 11: HTTP 200
  Request 12: HTTP 200
  Request 13: HTTP 200
  Request 14: HTTP 200
  Request 15: HTTP 200
  Request 16: HTTP 200
  Request 17: HTTP 200
  Request 18: HTTP 200
  Request 19: HTTP 200
  Request 20: HTTP 200
  Request 21: HTTP 200
  Request 22: HTTP 200
  Request 23: HTTP 200
  Request 24: HTTP 200
  Request 25: HTTP 200
  Request 26: HTTP 200
  Request 27: HTTP 200
  Request 28: HTTP 200
  Request 29: HTTP 200
  Request 30: HTTP 200
  Request 31: HTTP 200
  Request 32: HTTP 200
  Request 33: HTTP 200
  Request 34: HTTP 200
  Request 35: HTTP 200
  Request 36: HTTP 200
  Request 37: HTTP 200
  Request 38: HTTP 200
  Request 39: HTTP 200
  Request 40: HTTP 200
  Request 41: HTTP 200
  Request 42: HTTP 429
  Request 43: HTTP 429
  Request 44: HTTP 200
  Request 45: HTTP 429
  Request 46: HTTP 429
  Request 47: HTTP 200
  Request 48: HTTP 200
  Request 49: HTTP 200
  Request 50: HTTP 200

  [1mSummary:[0m
    [32m200 (Served):       46[0m
    [33m429 (Rate Limited): 4[0m
  [32mPASS: Rate limiting is active — excess requests were rejected with 429.[0m

[1m[36m--- Test 3: Concurrent Connections (Limit: 10 per IP) ---[0m
Opening 30 concurrent connections...
  [1mSummary:[0m
    [32m200 (Served):       30[0m
    [33m429 (Conn Limited): 0[0m

[1m[36m--- Test 4: Bot Filtering (Malicious User-Agents) ---[0m
  Empty User-Agent:   HTTP 200 [33mnot blocked[0m
  sqlmap User-Agent:  HTTP 403 [32mBLOCKED[0m
  nikto User-Agent:   HTTP 403 [32mBLOCKED[0m
  Normal User-Agent:  HTTP 200 [32mALLOWED[0m

[1m[36m--- Test 5: HTTP Method Restriction ---[0m
  DELETE:	HTTP 000 [32mBLOCKED (connection closed)[0m
  PUT:	HTTP 000 [32mBLOCKED (connection closed)[0m
  PATCH:	HTTP 000 [32mBLOCKED (connection closed)[0m
  OPTIONS:	HTTP 000 [32mBLOCKED (connection closed)[0m

[1m[36m--- Test 6: Oversized Header Attack ---[0m
  8KB header: HTTP 400 [32mREJECTED[0m

[1m[36m--- Test 7: Server Version Disclosure ---[0m
  Server: nginx

  [32mPASS: Server version is hidden[0m

[1m[36m--- Test 8: Backend Pod Load Balancing ---[0m
Sending 6 requests to /api/info and checking which pods respond...
  Request 1 → pod: [36mbackend-6b766f4979-86fpj[0m
  Request 2 → pod: [36mbackend-6b766f4979-c9bsc[0m
  Request 3 → pod: [36mbackend-6b766f4979-c9bsc[0m
  Request 4 → pod: [36mbackend-6b766f4979-c9bsc[0m
  Request 5 → pod: [36mbackend-6b766f4979-c9bsc[0m
  Request 6 → pod: [36mbackend-6b766f4979-86fpj[0m

  [32mPASS: Requests were distributed across 2 different backend pods.[0m

[1m[36m=========================================================[0m
[1m[36m  All Tests Complete                                     [0m
[1m[36m=========================================================[0m

DDoS protections demonstrated (Nginx Gateway):
  1. Rate limiting          — 10r/s per IP, burst 20
  2. Connection limiting    — 10 concurrent per IP
  3. Bot/UA filtering       — Blocks attack tools & empty UAs
  4. HTTP method restriction — Only GET/HEAD/POST
  5. Header size limits     — Rejects oversized payloads
  6. Version hiding         — server_tokens off

Kubernetes features demonstrated:
  7. Multi-pod routing      — Gateway → Frontend & Backend
  8. Load balancing         — Requests spread across pod replicas
  9. Health checks          — Readiness & liveness probes
 10. Service discovery      — DNS-based inter-pod communication

Script done on 2026-05-09 16:32:08+05:00 [COMMAND_EXIT_CODE="0"]
