Script started on 2026-05-09 16:37:04+05:00 
[1m[36m=================================================[0m
[1m[36m  DDoS-Protected K8s App - Deployment Script     [0m
[1m[36m=================================================[0m

[1m[1/5] Checking prerequisites...[0m
[32m  docker, minikube, kubectl are available.[0m
[32m  Minikube is running.[0m

[1m[2/5] Configuring Docker to use Minikube's daemon...[0m
[32m  Docker is now using Minikube's daemon.[0m

[1m[3/5] Building Docker images...[0m
  Building gateway image (DDoS-hardened Nginx)...
failed to fetch metadata: fork/exec /usr/local/lib/docker/cli-plugins/docker-buildx: no such file or directory

DEPRECATED: The legacy builder is deprecated and will be removed in a future release.
            Install the buildx component to build images with BuildKit:
            https://docs.docker.com/go/buildx/

Sending build context to Docker daemon  10.24kB


Step 1/5 : FROM nginx:1.25-alpine
 ---> 501d84f5d064
Step 2/5 : RUN rm /etc/nginx/conf.d/default.conf /etc/nginx/nginx.conf
 ---> Using cache
 ---> 1209e27cf86b
Step 3/5 : COPY nginx.conf /etc/nginx/nginx.conf
 ---> 43b0ab1ddc96
Step 4/5 : EXPOSE 80
 ---> Running in 7e672facea34
 ---> Removed intermediate container 7e672facea34
 ---> 7dc387b4c29f
Step 5/5 : CMD ["nginx", "-g", "daemon off;"]
 ---> Running in a46775366592
 ---> Removed intermediate container a46775366592
 ---> fcd5ffc4e096
Successfully built fcd5ffc4e096
Successfully tagged multi-pod-gateway:latest
[32m  Gateway image built.[0m
  Building backend image (Flask API)...
failed to fetch metadata: fork/exec /usr/local/lib/docker/cli-plugins/docker-buildx: no such file or directory

DEPRECATED: The legacy builder is deprecated and will be removed in a future release.
            Install the buildx component to build images with BuildKit:
            https://docs.docker.com/go/buildx/

Sending build context to Docker daemon  5.632kB


Step 1/7 : FROM python:3.12-slim
 ---> c8e887bbf3b6
Step 2/7 : WORKDIR /app
 ---> Using cache
 ---> f1b7bc493da0
Step 3/7 : COPY requirements.txt .
 ---> Using cache
 ---> 9edb3b392a49
Step 4/7 : RUN pip install --no-cache-dir -r requirements.txt
 ---> Using cache
 ---> d5fc107a1045
Step 5/7 : COPY app.py .
 ---> Using cache
 ---> 7f8652d7e804
Step 6/7 : EXPOSE 5000
 ---> Using cache
 ---> 0a8e414c44ac
Step 7/7 : CMD ["python", "app.py"]
 ---> Using cache
 ---> 9189e8625edd
Successfully built 9189e8625edd
Successfully tagged multi-pod-backend:latest
[32m  Backend image built.[0m
  Building frontend image (React)...
failed to fetch metadata: fork/exec /usr/local/lib/docker/cli-plugins/docker-buildx: no such file or directory

DEPRECATED: The legacy builder is deprecated and will be removed in a future release.
            Install the buildx component to build images with BuildKit:
            https://docs.docker.com/go/buildx/

Sending build context to Docker daemon  10.24kB


Step 1/6 : FROM nginx:1.25-alpine
 ---> 501d84f5d064
Step 2/6 : RUN rm /etc/nginx/conf.d/default.conf
 ---> Using cache
 ---> 1fc88b15b94b
Step 3/6 : COPY nginx.conf /etc/nginx/conf.d/default.conf
 ---> Using cache
 ---> 0a7500e54514
Step 4/6 : COPY index.html /usr/share/nginx/html/index.html
 ---> Using cache
 ---> affca3cf3b0f
Step 5/6 : EXPOSE 80
 ---> Using cache
 ---> 10dcbfc88cd4
Step 6/6 : CMD ["nginx", "-g", "daemon off;"]
 ---> Using cache
 ---> ec4f312be1a0
Successfully built ec4f312be1a0
Successfully tagged multi-pod-frontend:latest
[32m  Frontend image built.[0m

[1m[4/5] Applying Kubernetes manifests...[0m
namespace/multi-pod-app unchanged
deployment.apps/backend unchanged
service/backend-service unchanged
deployment.apps/frontend unchanged
service/frontend-service unchanged
deployment.apps/gateway unchanged
service/gateway-service unchanged
deployment.apps/backend restarted
deployment.apps/frontend restarted
deployment.apps/gateway restarted
[32m  All manifests applied.[0m

[1m[5/5] Waiting for pods to be ready...[0m
Waiting for deployment "backend" rollout to finish: 1 out of 2 new replicas have been updated...
Waiting for deployment "backend" rollout to finish: 1 out of 2 new replicas have been updated...
Waiting for deployment "backend" rollout to finish: 1 out of 2 new replicas have been updated...
Waiting for deployment "backend" rollout to finish: 1 old replicas are pending termination...
Waiting for deployment "backend" rollout to finish: 1 old replicas are pending termination...
deployment "backend" successfully rolled out
Waiting for deployment "frontend" rollout to finish: 1 old replicas are pending termination...
Waiting for deployment "frontend" rollout to finish: 1 old replicas are pending termination...
deployment "frontend" successfully rolled out
deployment "gateway" successfully rolled out

[1m[36m=================================================[0m
[1m[36m  Deployment Complete!                            [0m
[1m[36m=================================================[0m

[1mPod Status:[0m
NAME                        READY   STATUS        RESTARTS   AGE     IP            NODE       NOMINATED NODE   READINESS GATES
backend-5585f87cb-29gtp     1/1     Terminating   0          2m17s   10.244.0.9    minikube   <none>           <none>
backend-5585f87cb-nwnmc     1/1     Terminating   0          119s    10.244.0.13   minikube   <none>           <none>
backend-85689c8775-22ml6    1/1     Running       0          31s     10.244.0.15   minikube   <none>           <none>
backend-85689c8775-zddq8    1/1     Running       0          25s     10.244.0.18   minikube   <none>           <none>
frontend-564f5bfbb5-77v96   1/1     Running       0          14s     10.244.0.20   minikube   <none>           <none>
frontend-564f5bfbb5-7pplq   1/1     Running       0          30s     10.244.0.16   minikube   <none>           <none>
frontend-6786696d5d-9tdfm   1/1     Terminating   0          2m16s   10.244.0.10   minikube   <none>           <none>
gateway-677798598b-wk9sp    1/1     Terminating   0          2m16s   10.244.0.11   minikube   <none>           <none>
gateway-7f858f8445-q7mfc    1/1     Running       0          30s     10.244.0.17   minikube   <none>           <none>
gateway-7f858f8445-sbccx    1/1     Running       0          14s     10.244.0.19   minikube   <none>           <none>

[1mServices:[0m
NAME               TYPE        CLUSTER-IP       EXTERNAL-IP   PORT(S)        AGE
backend-service    ClusterIP   10.109.163.152   <none>        5000/TCP       14m
frontend-service   ClusterIP   10.98.102.97     <none>        80/TCP         14m
gateway-service    NodePort    10.103.234.82    <none>        80:30080/TCP   14m

[1m[32mAccess the application at: http://192.168.49.2:30080[0m

Run the DDoS simulation test:
  ./simulate_ddos.sh http://192.168.49.2:30080

Script done on 2026-05-09 16:37:43+05:00 [COMMAND_EXIT_CODE="0"]
